This file contains any messages produced by compilers while
running configure, to aid debugging if configure makes a mistake.

It was created by PAPI configure 6.0.0.0, which was
generated by GNU Autoconf 2.69.  Invocation command line was

  $ ./configure 

## --------- ##
## Platform. ##
## --------- ##

hostname = matildejoliveira-ZenBook-UX425JA-UX425JA
uname -m = x86_64
uname -r = 5.13.0-27-generic
uname -s = Linux
uname -v = #29~20.04.1-Ubuntu SMP Fri Jan 14 00:32:30 UTC 2022

/usr/bin/uname -p = x86_64
/bin/uname -X     = unknown

/bin/arch              = x86_64
/usr/bin/arch -k       = unknown
/usr/convex/getsysinfo = unknown
/usr/bin/hostinfo      = unknown
/bin/machine           = unknown
/usr/bin/oslevel       = unknown
/bin/universe          = unknown

PATH: /usr/local/sbin
PATH: /usr/local/bin
PATH: /usr/sbin
PATH: /usr/bin
PATH: /sbin
PATH: /bin
PATH: /usr/games
PATH: /usr/local/games
PATH: /snap/bin


## ----------- ##
## Core tests. ##
## ----------- ##

configure:2419: checking for architecture
configure:2429: result: x86_64
configure:2439: checking for OS
configure:2452: result: linux
configure:2455: checking for OS version
configure:2467: result: 5.13.0-27-generic
configure:2470: checking for perf_event workaround level
configure:2481: result: autodetect
configure:2484: checking for if MIC should be used
configure:2501: result: no
configure:2566: checking for xlc
configure:2596: result: no
configure:2566: checking for icc
configure:2596: result: no
configure:2566: checking for gcc
configure:2582: found /usr/bin/gcc
configure:2593: result: gcc
configure:2624: checking for C compiler version
configure:2633: gcc --version >&5
gcc (Ubuntu 9.3.0-17ubuntu1~20.04) 9.3.0
Copyright (C) 2019 Free Software Foundation, Inc.
This is free software; see the source for copying conditions.  There is NO
warranty; not even for MERCHANTABILITY or FITNESS FOR A PARTICULAR PURPOSE.

configure:2644: $? = 0
configure:2633: gcc -v >&5
Using built-in specs.
COLLECT_GCC=gcc
COLLECT_LTO_WRAPPER=/usr/lib/gcc/x86_64-linux-gnu/9/lto-wrapper
OFFLOAD_TARGET_NAMES=nvptx-none:hsa
OFFLOAD_TARGET_DEFAULT=1
Target: x86_64-linux-gnu
Configured with: ../src/configure -v --with-pkgversion='Ubuntu 9.3.0-17ubuntu1~20.04' --with-bugurl=file:///usr/share/doc/gcc-9/README.Bugs --enable-languages=c,ada,c++,go,brig,d,fortran,objc,obj-c++,gm2 --prefix=/usr --with-gcc-major-version-only --program-suffix=-9 --program-prefix=x86_64-linux-gnu- --enable-shared --enable-linker-build-id --libexecdir=/usr/lib --without-included-gettext --enable-threads=posix --libdir=/usr/lib --enable-nls --enable-clocale=gnu --enable-libstdcxx-debug --enable-libstdcxx-time=yes --with-default-libstdcxx-abi=new --enable-gnu-unique-object --disable-vtable-verify --enable-plugin --enable-default-pie --with-system-zlib --with-target-system-zlib=auto --enable-objc-gc=auto --enable-multiarch --disable-werror --with-arch-32=i686 --with-abi=m64 --with-multilib-list=m32,m64,mx32 --enable-multilib --with-tune=generic --enable-offload-targets=nvptx-none=/build/gcc-9-HskZEa/gcc-9-9.3.0/debian/tmp-nvptx/usr,hsa --without-cuda-driver --enable-checking=release --build=x86_64-linux-gnu --host=x86_64-linux-gnu --target=x86_64-linux-gnu
Thread model: posix
gcc version 9.3.0 (Ubuntu 9.3.0-17ubuntu1~20.04) 
configure:2644: $? = 0
configure:2633: gcc -V >&5
gcc: error: unrecognized command line option '-V'
gcc: fatal error: no input files
compilation terminated.
configure:2644: $? = 1
configure:2633: gcc -qversion >&5
gcc: error: unrecognized command line option '-qversion'; did you mean '--version'?
gcc: fatal error: no input files
compilation terminated.
configure:2644: $? = 1
configure:2664: checking whether the C compiler works
configure:2686: gcc  -g   conftest.c  >&5
configure:2690: $? = 0
configure:2738: result: yes
configure:2741: checking for C compiler default output file name
configure:2743: result: a.out
configure:2749: checking for suffix of executables
configure:2756: gcc -o conftest  -g   conftest.c  >&5
configure:2760: $? = 0
configure:2782: result: 
configure:2804: checking whether we are cross compiling
configure:2812: gcc -o conftest  -g   conftest.c  >&5
configure:2816: $? = 0
configure:2823: ./conftest
configure:2827: $? = 0
configure:2815: result: no
configure:2820: checking for suffix of object files
configure:2842: gcc -c  -g  conftest.c >&5
configure:2846: $? = 0
configure:2867: result: o
configure:2871: checking whether we are using the GNU C compiler
configure:2890: gcc -c  -g  conftest.c >&5
configure:2890: $? = 0
configure:2899: result: yes
configure:2908: checking whether gcc accepts -g
configure:2928: gcc -c -g  conftest.c >&5
configure:2928: $? = 0
configure:2969: result: yes
configure:2986: checking for gcc option to accept ISO C89
configure:3049: gcc  -c  -g  conftest.c >&5
configure:3049: $? = 0
configure:3062: result: none needed
configure:3135: checking for xlf
configure:3165: result: no
configure:3135: checking for ifort
configure:3165: result: no
configure:3135: checking for gfortran
configure:3165: result: no
configure:3135: checking for f95
configure:3165: result: no
configure:3135: checking for f90
configure:3165: result: no
configure:3135: checking for f77
configure:3165: result: no
configure:3188: checking for Fortran 77 compiler version
configure:3197:  --version >&5
./configure: line 3199: --version: command not found
configure:3208: $? = 127
configure:3197:  -v >&5
./configure: line 3199: -v: command not found
configure:3208: $? = 127
configure:3197:  -V >&5
./configure: line 3199: -V: command not found
configure:3208: $? = 127
configure:3197:  -qversion >&5
./configure: line 3199: -qversion: command not found
configure:3208: $? = 127
configure:3217: checking whether we are using the GNU Fortran 77 compiler
configure:3230:  -c  conftest.F >&5
./configure: line 1613: -c: command not found
configure:3230: $? = 127
configure: failed program was:
|       program main
| #ifndef __GNUC__
|        choke me
| #endif
| 
|       end
configure:3239: result: no
configure:3245: checking whether  accepts -g
configure:3256:  -c -g conftest.f >&5
./configure: line 1613: -c: command not found
configure:3256: $? = 127
configure: failed program was:
|       program main
| 
|       end
configure:3264: result: no
configure:3298: checking for mpicc
configure:3328: result: no
configure:3364: checking for gawk
configure:3394: result: no
configure:3364: checking for mawk
configure:3380: found /usr/bin/mawk
configure:3391: result: mawk
configure:3407: checking how to run the C preprocessor
configure:3438: gcc -E  conftest.c
configure:3438: $? = 0
configure:3452: gcc -E  conftest.c
conftest.c:9:10: fatal error: ac_nonexistent.h: No such file or directory
    9 | #include <ac_nonexistent.h>
      |          ^~~~~~~~~~~~~~~~~~
compilation terminated.
configure:3452: $? = 1
configure: failed program was:
| /* confdefs.h */
| #define PACKAGE_NAME "PAPI"
| #define PACKAGE_TARNAME "papi"
| #define PACKAGE_VERSION "6.0.0.0"
| #define PACKAGE_STRING "PAPI 6.0.0.0"
| #define PACKAGE_BUGREPORT "ptools-perfapi@icl.utk.edu"
| #define PACKAGE_URL ""
| /* end confdefs.h.  */
| #include <ac_nonexistent.h>
configure:3477: result: gcc -E
configure:3497: gcc -E  conftest.c
configure:3497: $? = 0
configure:3511: gcc -E  conftest.c
conftest.c:9:10: fatal error: ac_nonexistent.h: No such file or directory
    9 | #include <ac_nonexistent.h>
      |          ^~~~~~~~~~~~~~~~~~
compilation terminated.
configure:3511: $? = 1
configure: failed program was:
| /* confdefs.h */
| #define PACKAGE_NAME "PAPI"
| #define PACKAGE_TARNAME "papi"
| #define PACKAGE_VERSION "6.0.0.0"
| #define PACKAGE_STRING "PAPI 6.0.0.0"
| #define PACKAGE_BUGREPORT "ptools-perfapi@icl.utk.edu"
| #define PACKAGE_URL ""
| /* end confdefs.h.  */
| #include <ac_nonexistent.h>
configure:3539: checking whether ln -s works
configure:3543: result: yes
configure:3550: checking whether make sets $(MAKE)
configure:3572: result: yes
configure:3624: checking for ranlib
configure:3640: found /usr/bin/ranlib
configure:3651: result: ranlib
configure:3675: checking for grep that handles long lines and -e
configure:3733: result: /usr/bin/grep
configure:3738: checking for egrep
configure:3800: result: /usr/bin/grep -E
configure:3805: checking for ANSI C header files
configure:3825: gcc -c  -g  conftest.c >&5
configure:3825: $? = 0
configure:3898: gcc -o conftest  -g   conftest.c  >&5
configure:3898: $? = 0
configure:3898: ./conftest
configure:3898: $? = 0
configure:3909: result: yes
configure:3922: checking for sys/types.h
configure:3922: gcc -c  -g  conftest.c >&5
configure:3922: $? = 0
configure:3922: result: yes
configure:3922: checking for sys/stat.h
configure:3922: gcc -c  -g  conftest.c >&5
configure:3922: $? = 0
configure:3922: result: yes
configure:3922: checking for stdlib.h
configure:3922: gcc -c  -g  conftest.c >&5
configure:3922: $? = 0
configure:3922: result: yes
configure:3922: checking for string.h
configure:3922: gcc -c  -g  conftest.c >&5
configure:3922: $? = 0
configure:3922: result: yes
configure:3922: checking for memory.h
configure:3922: gcc -c  -g  conftest.c >&5
configure:3922: $? = 0
configure:3922: result: yes
configure:3922: checking for strings.h
configure:3922: gcc -c  -g  conftest.c >&5
configure:3922: $? = 0
configure:3922: result: yes
configure:3922: checking for inttypes.h
configure:3922: gcc -c  -g  conftest.c >&5
configure:3922: $? = 0
configure:3922: result: yes
configure:3922: checking for stdint.h
configure:3922: gcc -c  -g  conftest.c >&5
configure:3922: $? = 0
configure:3922: result: yes
configure:3922: checking for unistd.h
configure:3922: gcc -c  -g  conftest.c >&5
configure:3922: $? = 0
configure:3922: result: yes
configure:3935: checking minix/config.h usability
configure:3935: gcc -c  -g  conftest.c >&5
conftest.c:52:10: fatal error: minix/config.h: No such file or directory
   52 | #include <minix/config.h>
      |          ^~~~~~~~~~~~~~~~
compilation terminated.
configure:3935: $? = 1
configure: failed program was:
| /* confdefs.h */
| #define PACKAGE_NAME "PAPI"
| #define PACKAGE_TARNAME "papi"
| #define PACKAGE_VERSION "6.0.0.0"
| #define PACKAGE_STRING "PAPI 6.0.0.0"
| #define PACKAGE_BUGREPORT "ptools-perfapi@icl.utk.edu"
| #define PACKAGE_URL ""
| #define STDC_HEADERS 1
| #define HAVE_SYS_TYPES_H 1
| #define HAVE_SYS_STAT_H 1
| #define HAVE_STDLIB_H 1
| #define HAVE_STRING_H 1
| #define HAVE_MEMORY_H 1
| #define HAVE_STRINGS_H 1
| #define HAVE_INTTYPES_H 1
| #define HAVE_STDINT_H 1
| #define HAVE_UNISTD_H 1
| /* end confdefs.h.  */
| #include <stdio.h>
| #ifdef HAVE_SYS_TYPES_H
| # include <sys/types.h>
| #endif
| #ifdef HAVE_SYS_STAT_H
| # include <sys/stat.h>
| #endif
| #ifdef STDC_HEADERS
| # include <stdlib.h>
| # include <stddef.h>
| #else
| # ifdef HAVE_STDLIB_H
| #  include <stdlib.h>
| # endif
| #endif
| #ifdef HAVE_STRING_H
| # if !defined STDC_HEADERS && defined HAVE_MEMORY_H
| #  include <memory.h>
| # endif
| # include <string.h>
| #endif
| #ifdef HAVE_STRINGS_H
| # include <strings.h>
| #endif
| #ifdef HAVE_INTTYPES_H
| # include <inttypes.h>
| #endif
| #ifdef HAVE_STDINT_H
| # include <stdint.h>
| #endif
| #ifdef HAVE_UNISTD_H
| # include <unistd.h>
| #endif
| #include <minix/config.h>
configure:3935: result: no
configure:3935: checking minix/config.h presence
configure:3935: gcc -E  conftest.c
conftest.c:19:10: fatal error: minix/config.h: No such file or directory
   19 | #include <minix/config.h>
      |          ^~~~~~~~~~~~~~~~
compilation terminated.
configure:3935: $? = 1
configure: failed program was:
| /* confdefs.h */
| #define PACKAGE_NAME "PAPI"
| #define PACKAGE_TARNAME "papi"
| #define PACKAGE_VERSION "6.0.0.0"
| #define PACKAGE_STRING "PAPI 6.0.0.0"
| #define PACKAGE_BUGREPORT "ptools-perfapi@icl.utk.edu"
| #define PACKAGE_URL ""
| #define STDC_HEADERS 1
| #define HAVE_SYS_TYPES_H 1
| #define HAVE_SYS_STAT_H 1
| #define HAVE_STDLIB_H 1
| #define HAVE_STRING_H 1
| #define HAVE_MEMORY_H 1
| #define HAVE_STRINGS_H 1
| #define HAVE_INTTYPES_H 1
| #define HAVE_STDINT_H 1
| #define HAVE_UNISTD_H 1
| /* end confdefs.h.  */
| #include <minix/config.h>
configure:3935: result: no
configure:3935: checking for minix/config.h
configure:3935: result: no
configure:3956: checking whether it is safe to define __EXTENSIONS__
configure:3974: gcc -c  -g  conftest.c >&5
configure:3974: $? = 0
configure:3981: result: yes
configure:3996: checking for ANSI C header files
configure:4100: result: yes
configure:4108: checking for inline
configure:4124: gcc -c  -g  conftest.c >&5
configure:4124: $? = 0
configure:4132: result: inline
configure:4150: checking whether time.h and sys/time.h may both be included
configure:4170: gcc -c  -g  conftest.c >&5
configure:4170: $? = 0
configure:4177: result: yes
configure:4188: checking sys/time.h usability
configure:4188: gcc -c  -g  conftest.c >&5
configure:4188: $? = 0
configure:4188: result: yes
configure:4188: checking sys/time.h presence
configure:4188: gcc -E  conftest.c
configure:4188: $? = 0
configure:4188: result: yes
configure:4188: checking for sys/time.h
configure:4188: result: yes
configure:4188: checking c_asm.h usability
configure:4188: gcc -c  -g  conftest.c >&5
conftest.c:60:10: fatal error: c_asm.h: No such file or directory
   60 | #include <c_asm.h>
      |          ^~~~~~~~~
compilation terminated.
configure:4188: $? = 1
configure: failed program was:
| /* confdefs.h */
| #define PACKAGE_NAME "PAPI"
| #define PACKAGE_TARNAME "papi"
| #define PACKAGE_VERSION "6.0.0.0"
| #define PACKAGE_STRING "PAPI 6.0.0.0"
| #define PACKAGE_BUGREPORT "ptools-perfapi@icl.utk.edu"
| #define PACKAGE_URL ""
| #define STDC_HEADERS 1
| #define HAVE_SYS_TYPES_H 1
| #define HAVE_SYS_STAT_H 1
| #define HAVE_STDLIB_H 1
| #define HAVE_STRING_H 1
| #define HAVE_MEMORY_H 1
| #define HAVE_STRINGS_H 1
| #define HAVE_INTTYPES_H 1
| #define HAVE_STDINT_H 1
| #define HAVE_UNISTD_H 1
| #define __EXTENSIONS__ 1
| #define _ALL_SOURCE 1
| #define _GNU_SOURCE 1
| #define _POSIX_PTHREAD_SEMANTICS 1
| #define _TANDEM_SOURCE 1
| #define STDC_HEADERS 1
| #define TIME_WITH_SYS_TIME 1
| #define HAVE_SYS_TIME_H 1
| /* end confdefs.h.  */
| #include <stdio.h>
| #ifdef HAVE_SYS_TYPES_H
| # include <sys/types.h>
| #endif
| #ifdef HAVE_SYS_STAT_H
| # include <sys/stat.h>
| #endif
| #ifdef STDC_HEADERS
| # include <stdlib.h>
| # include <stddef.h>
| #else
| # ifdef HAVE_STDLIB_H
| #  include <stdlib.h>
| # endif
| #endif
| #ifdef HAVE_STRING_H
| # if !defined STDC_HEADERS && defined HAVE_MEMORY_H
| #  include <memory.h>
| # endif
| # include <string.h>
| #endif
| #ifdef HAVE_STRINGS_H
| # include <strings.h>
| #endif
| #ifdef HAVE_INTTYPES_H
| # include <inttypes.h>
| #endif
| #ifdef HAVE_STDINT_H
| # include <stdint.h>
| #endif
| #ifdef HAVE_UNISTD_H
| # include <unistd.h>
| #endif
| #include <c_asm.h>
configure:4188: result: no
configure:4188: checking c_asm.h presence
configure:4188: gcc -E  conftest.c
conftest.c:27:10: fatal error: c_asm.h: No such file or directory
   27 | #include <c_asm.h>
      |          ^~~~~~~~~
compilation terminated.
configure:4188: $? = 1
configure: failed program was:
| /* confdefs.h */
| #define PACKAGE_NAME "PAPI"
| #define PACKAGE_TARNAME "papi"
| #define PACKAGE_VERSION "6.0.0.0"
| #define PACKAGE_STRING "PAPI 6.0.0.0"
| #define PACKAGE_BUGREPORT "ptools-perfapi@icl.utk.edu"
| #define PACKAGE_URL ""
| #define STDC_HEADERS 1
| #define HAVE_SYS_TYPES_H 1
| #define HAVE_SYS_STAT_H 1
| #define HAVE_STDLIB_H 1
| #define HAVE_STRING_H 1
| #define HAVE_MEMORY_H 1
| #define HAVE_STRINGS_H 1
| #define HAVE_INTTYPES_H 1
| #define HAVE_STDINT_H 1
| #define HAVE_UNISTD_H 1
| #define __EXTENSIONS__ 1
| #define _ALL_SOURCE 1
| #define _GNU_SOURCE 1
| #define _POSIX_PTHREAD_SEMANTICS 1
| #define _TANDEM_SOURCE 1
| #define STDC_HEADERS 1
| #define TIME_WITH_SYS_TIME 1
| #define HAVE_SYS_TIME_H 1
| /* end confdefs.h.  */
| #include <c_asm.h>
configure:4188: result: no
configure:4188: checking for c_asm.h
configure:4188: result: no
configure:4188: checking intrinsics.h usability
configure:4188: gcc -c  -g  conftest.c >&5
conftest.c:60:10: fatal error: intrinsics.h: No such file or directory
   60 | #include <intrinsics.h>
      |          ^~~~~~~~~~~~~~
compilation terminated.
configure:4188: $? = 1
configure: failed program was:
| /* confdefs.h */
| #define PACKAGE_NAME "PAPI"
| #define PACKAGE_TARNAME "papi"
| #define PACKAGE_VERSION "6.0.0.0"
| #define PACKAGE_STRING "PAPI 6.0.0.0"
| #define PACKAGE_BUGREPORT "ptools-perfapi@icl.utk.edu"
| #define PACKAGE_URL ""
| #define STDC_HEADERS 1
| #define HAVE_SYS_TYPES_H 1
| #define HAVE_SYS_STAT_H 1
| #define HAVE_STDLIB_H 1
| #define HAVE_STRING_H 1
| #define HAVE_MEMORY_H 1
| #define HAVE_STRINGS_H 1
| #define HAVE_INTTYPES_H 1
| #define HAVE_STDINT_H 1
| #define HAVE_UNISTD_H 1
| #define __EXTENSIONS__ 1
| #define _ALL_SOURCE 1
| #define _GNU_SOURCE 1
| #define _POSIX_PTHREAD_SEMANTICS 1
| #define _TANDEM_SOURCE 1
| #define STDC_HEADERS 1
| #define TIME_WITH_SYS_TIME 1
| #define HAVE_SYS_TIME_H 1
| /* end confdefs.h.  */
| #include <stdio.h>
| #ifdef HAVE_SYS_TYPES_H
| # include <sys/types.h>
| #endif
| #ifdef HAVE_SYS_STAT_H
| # include <sys/stat.h>
| #endif
| #ifdef STDC_HEADERS
| # include <stdlib.h>
| # include <stddef.h>
| #else
| # ifdef HAVE_STDLIB_H
| #  include <stdlib.h>
| # endif
| #endif
| #ifdef HAVE_STRING_H
| # if !defined STDC_HEADERS && defined HAVE_MEMORY_H
| #  include <memory.h>
| # endif
| # include <string.h>
| #endif
| #ifdef HAVE_STRINGS_H
| # include <strings.h>
| #endif
| #ifdef HAVE_INTTYPES_H
| # include <inttypes.h>
| #endif
| #ifdef HAVE_STDINT_H
| # include <stdint.h>
| #endif
| #ifdef HAVE_UNISTD_H
| # include <unistd.h>
| #endif
| #include <intrinsics.h>
configure:4188: result: no
configure:4188: checking intrinsics.h presence
configure:4188: gcc -E  conftest.c
conftest.c:27:10: fatal error: intrinsics.h: No such file or directory
   27 | #include <intrinsics.h>
      |          ^~~~~~~~~~~~~~
compilation terminated.
configure:4188: $? = 1
configure: failed program was:
| /* confdefs.h */
| #define PACKAGE_NAME "PAPI"
| #define PACKAGE_TARNAME "papi"
| #define PACKAGE_VERSION "6.0.0.0"
| #define PACKAGE_STRING "PAPI 6.0.0.0"
| #define PACKAGE_BUGREPORT "ptools-perfapi@icl.utk.edu"
| #define PACKAGE_URL ""
| #define STDC_HEADERS 1
| #define HAVE_SYS_TYPES_H 1
| #define HAVE_SYS_STAT_H 1
| #define HAVE_STDLIB_H 1
| #define HAVE_STRING_H 1
| #define HAVE_MEMORY_H 1
| #define HAVE_STRINGS_H 1
| #define HAVE_INTTYPES_H 1
| #define HAVE_STDINT_H 1
| #define HAVE_UNISTD_H 1
| #define __EXTENSIONS__ 1
| #define _ALL_SOURCE 1
| #define _GNU_SOURCE 1
| #define _POSIX_PTHREAD_SEMANTICS 1
| #define _TANDEM_SOURCE 1
| #define STDC_HEADERS 1
| #define TIME_WITH_SYS_TIME 1
| #define HAVE_SYS_TIME_H 1
| /* end confdefs.h.  */
| #include <intrinsics.h>
configure:4188: result: no
configure:4188: checking for intrinsics.h
configure:4188: result: no
configure:4188: checking mach/mach_time.h usability
configure:4188: gcc -c  -g  conftest.c >&5
conftest.c:60:10: fatal error: mach/mach_time.h: No such file or directory
   60 | #include <mach/mach_time.h>
      |          ^~~~~~~~~~~~~~~~~~
compilation terminated.
configure:4188: $? = 1
configure: failed program was:
| /* confdefs.h */
| #define PACKAGE_NAME "PAPI"
| #define PACKAGE_TARNAME "papi"
| #define PACKAGE_VERSION "6.0.0.0"
| #define PACKAGE_STRING "PAPI 6.0.0.0"
| #define PACKAGE_BUGREPORT "ptools-perfapi@icl.utk.edu"
| #define PACKAGE_URL ""
| #define STDC_HEADERS 1
| #define HAVE_SYS_TYPES_H 1
| #define HAVE_SYS_STAT_H 1
| #define HAVE_STDLIB_H 1
| #define HAVE_STRING_H 1
| #define HAVE_MEMORY_H 1
| #define HAVE_STRINGS_H 1
| #define HAVE_INTTYPES_H 1
| #define HAVE_STDINT_H 1
| #define HAVE_UNISTD_H 1
| #define __EXTENSIONS__ 1
| #define _ALL_SOURCE 1
| #define _GNU_SOURCE 1
| #define _POSIX_PTHREAD_SEMANTICS 1
| #define _TANDEM_SOURCE 1
| #define STDC_HEADERS 1
| #define TIME_WITH_SYS_TIME 1
| #define HAVE_SYS_TIME_H 1
| /* end confdefs.h.  */
| #include <stdio.h>
| #ifdef HAVE_SYS_TYPES_H
| # include <sys/types.h>
| #endif
| #ifdef HAVE_SYS_STAT_H
| # include <sys/stat.h>
| #endif
| #ifdef STDC_HEADERS
| # include <stdlib.h>
| # include <stddef.h>
| #else
| # ifdef HAVE_STDLIB_H
| #  include <stdlib.h>
| # endif
| #endif
| #ifdef HAVE_STRING_H
| # if !defined STDC_HEADERS && defined HAVE_MEMORY_H
| #  include <memory.h>
| # endif
| # include <string.h>
| #endif
| #ifdef HAVE_STRINGS_H
| # include <strings.h>
| #endif
| #ifdef HAVE_INTTYPES_H
| # include <inttypes.h>
| #endif
| #ifdef HAVE_STDINT_H
| # include <stdint.h>
| #endif
| #ifdef HAVE_UNISTD_H
| # include <unistd.h>
| #endif
| #include <mach/mach_time.h>
configure:4188: result: no
configure:4188: checking mach/mach_time.h presence
configure:4188: gcc -E  conftest.c
conftest.c:27:10: fatal error: mach/mach_time.h: No such file or directory
   27 | #include <mach/mach_time.h>
      |          ^~~~~~~~~~~~~~~~~~
compilation terminated.
configure:4188: $? = 1
configure: failed program was:
| /* confdefs.h */
| #define PACKAGE_NAME "PAPI"
| #define PACKAGE_TARNAME "papi"
| #define PACKAGE_VERSION "6.0.0.0"
| #define PACKAGE_STRING "PAPI 6.0.0.0"
| #define PACKAGE_BUGREPORT "ptools-perfapi@icl.utk.edu"
| #define PACKAGE_URL ""
| #define STDC_HEADERS 1
| #define HAVE_SYS_TYPES_H 1
| #define HAVE_SYS_STAT_H 1
| #define HAVE_STDLIB_H 1
| #define HAVE_STRING_H 1
| #define HAVE_MEMORY_H 1
| #define HAVE_STRINGS_H 1
| #define HAVE_INTTYPES_H 1
| #define HAVE_STDINT_H 1
| #define HAVE_UNISTD_H 1
| #define __EXTENSIONS__ 1
| #define _ALL_SOURCE 1
| #define _GNU_SOURCE 1
| #define _POSIX_PTHREAD_SEMANTICS 1
| #define _TANDEM_SOURCE 1
| #define STDC_HEADERS 1
| #define TIME_WITH_SYS_TIME 1
| #define HAVE_SYS_TIME_H 1
| /* end confdefs.h.  */
| #include <mach/mach_time.h>
configure:4188: result: no
configure:4188: checking for mach/mach_time.h
configure:4188: result: no
configure:4188: checking sched.h usability
configure:4188: gcc -c  -g  conftest.c >&5
configure:4188: $? = 0
configure:4188: result: yes
configure:4188: checking sched.h presence
configure:4188: gcc -E  conftest.c
configure:4188: $? = 0
configure:4188: result: yes
configure:4188: checking for sched.h
configure:4188: result: yes
configure:4201: checking for gethrtime
configure:4201: gcc -o conftest  -g   conftest.c  >&5
/usr/bin/ld: /tmp/ccE2MbDv.o: in function `main':
/home/matildejoliveira/Desktop/CPD/feup-cpd-2022/proj1/papi/src/conftest.c:62: undefined reference to `gethrtime'
collect2: error: ld returned 1 exit status
configure:4201: $? = 1
configure: failed program was:
| /* confdefs.h */
| #define PACKAGE_NAME "PAPI"
| #define PACKAGE_TARNAME "papi"
| #define PACKAGE_VERSION "6.0.0.0"
| #define PACKAGE_STRING "PAPI 6.0.0.0"
| #define PACKAGE_BUGREPORT "ptools-perfapi@icl.utk.edu"
| #define PACKAGE_URL ""
| #define STDC_HEADERS 1
| #define HAVE_SYS_TYPES_H 1
| #define HAVE_SYS_STAT_H 1
| #define HAVE_STDLIB_H 1
| #define HAVE_STRING_H 1
| #define HAVE_MEMORY_H 1
| #define HAVE_STRINGS_H 1
| #define HAVE_INTTYPES_H 1
| #define HAVE_STDINT_H 1
| #define HAVE_UNISTD_H 1
| #define __EXTENSIONS__ 1
| #define _ALL_SOURCE 1
| #define _GNU_SOURCE 1
| #define _POSIX_PTHREAD_SEMANTICS 1
| #define _TANDEM_SOURCE 1
| #define STDC_HEADERS 1
| #define TIME_WITH_SYS_TIME 1
| #define HAVE_SYS_TIME_H 1
| #define HAVE_SCHED_H 1
| /* end confdefs.h.  */
| /* Define gethrtime to an innocuous variant, in case <limits.h> declares gethrtime.
|    For example, HP-UX 11i <limits.h> declares gettimeofday.  */
| #define gethrtime innocuous_gethrtime
| 
| /* System header to define __stub macros and hopefully few prototypes,
|     which can conflict with char gethrtime (); below.
|     Prefer <limits.h> to <assert.h> if __STDC__ is defined, since
|     <limits.h> exists even on freestanding compilers.  */
| 
| #ifdef __STDC__
| # include <limits.h>
| #else
| # include <assert.h>
| #endif
| 
| #undef gethrtime
| 
| /* Override any GCC internal prototype to avoid an error.
|    Use char because int might match the return type of a GCC
|    builtin and then its argument prototype would still apply.  */
| #ifdef __cplusplus
| extern "C"
| #endif
| char gethrtime ();
| /* The GNU C library defines this for functions which it implements
|     to always fail with ENOSYS.  Some functions are actually named
|     something starting with __ and the normal name is an alias.  */
| #if defined __stub_gethrtime || defined __stub___gethrtime
| choke me
| #endif
| 
| int
| main ()
| {
| return gethrtime ();
|   ;
|   return 0;
| }
configure:4201: result: no
configure:4201: checking for read_real_time
configure:4201: gcc -o conftest  -g   conftest.c  >&5
/usr/bin/ld: /tmp/ccFVgIGU.o: in function `main':
/home/matildejoliveira/Desktop/CPD/feup-cpd-2022/proj1/papi/src/conftest.c:62: undefined reference to `read_real_time'
collect2: error: ld returned 1 exit status
configure:4201: $? = 1
configure: failed program was:
| /* confdefs.h */
| #define PACKAGE_NAME "PAPI"
| #define PACKAGE_TARNAME "papi"
| #define PACKAGE_VERSION "6.0.0.0"
| #define PACKAGE_STRING "PAPI 6.0.0.0"
| #define PACKAGE_BUGREPORT "ptools-perfapi@icl.utk.edu"
| #define PACKAGE_URL ""
| #define STDC_HEADERS 1
| #define HAVE_SYS_TYPES_H 1
| #define HAVE_SYS_STAT_H 1
| #define HAVE_STDLIB_H 1
| #define HAVE_STRING_H 1
| #define HAVE_MEMORY_H 1
| #define HAVE_STRINGS_H 1
| #define HAVE_INTTYPES_H 1
| #define HAVE_STDINT_H 1
| #define HAVE_UNISTD_H 1
| #define __EXTENSIONS__ 1
| #define _ALL_SOURCE 1
| #define _GNU_SOURCE 1
| #define _POSIX_PTHREAD_SEMANTICS 1
| #define _TANDEM_SOURCE 1
| #define STDC_HEADERS 1
| #define TIME_WITH_SYS_TIME 1
| #define HAVE_SYS_TIME_H 1
| #define HAVE_SCHED_H 1
| /* end confdefs.h.  */
| /* Define read_real_time to an innocuous variant, in case <limits.h> declares read_real_time.
|    For example, HP-UX 11i <limits.h> declares gettimeofday.  */
| #define read_real_time innocuous_read_real_time
| 
| /* System header to define __stub macros and hopefully few prototypes,
|     which can conflict with char read_real_time (); below.
|     Prefer <limits.h> to <assert.h> if __STDC__ is defined, since
|     <limits.h> exists even on freestanding compilers.  */
| 
| #ifdef __STDC__
| # include <limits.h>
| #else
| # include <assert.h>
| #endif
| 
| #undef read_real_time
| 
| /* Override any GCC internal prototype to avoid an error.
|    Use char because int might match the return type of a GCC
|    builtin and then its argument prototype would still apply.  */
| #ifdef __cplusplus
| extern "C"
| #endif
| char read_real_time ();
| /* The GNU C library defines this for functions which it implements
|     to always fail with ENOSYS.  Some functions are actually named
|     something starting with __ and the normal name is an alias.  */
| #if defined __stub_read_real_time || defined __stub___read_real_time
| choke me
| #endif
| 
| int
| main ()
| {
| return read_real_time ();
|   ;
|   return 0;
| }
configure:4201: result: no
configure:4201: checking for time_base_to_time
configure:4201: gcc -o conftest  -g   conftest.c  >&5
/usr/bin/ld: /tmp/ccsqW8Sh.o: in function `main':
/home/matildejoliveira/Desktop/CPD/feup-cpd-2022/proj1/papi/src/conftest.c:62: undefined reference to `time_base_to_time'
collect2: error: ld returned 1 exit status
configure:4201: $? = 1
configure: failed program was:
| /* confdefs.h */
| #define PACKAGE_NAME "PAPI"
| #define PACKAGE_TARNAME "papi"
| #define PACKAGE_VERSION "6.0.0.0"
| #define PACKAGE_STRING "PAPI 6.0.0.0"
| #define PACKAGE_BUGREPORT "ptools-perfapi@icl.utk.edu"
| #define PACKAGE_URL ""
| #define STDC_HEADERS 1
| #define HAVE_SYS_TYPES_H 1
| #define HAVE_SYS_STAT_H 1
| #define HAVE_STDLIB_H 1
| #define HAVE_STRING_H 1
| #define HAVE_MEMORY_H 1
| #define HAVE_STRINGS_H 1
| #define HAVE_INTTYPES_H 1
| #define HAVE_STDINT_H 1
| #define HAVE_UNISTD_H 1
| #define __EXTENSIONS__ 1
| #define _ALL_SOURCE 1
| #define _GNU_SOURCE 1
| #define _POSIX_PTHREAD_SEMANTICS 1
| #define _TANDEM_SOURCE 1
| #define STDC_HEADERS 1
| #define TIME_WITH_SYS_TIME 1
| #define HAVE_SYS_TIME_H 1
| #define HAVE_SCHED_H 1
| /* end confdefs.h.  */
| /* Define time_base_to_time to an innocuous variant, in case <limits.h> declares time_base_to_time.
|    For example, HP-UX 11i <limits.h> declares gettimeofday.  */
| #define time_base_to_time innocuous_time_base_to_time
| 
| /* System header to define __stub macros and hopefully few prototypes,
|     which can conflict with char time_base_to_time (); below.
|     Prefer <limits.h> to <assert.h> if __STDC__ is defined, since
|     <limits.h> exists even on freestanding compilers.  */
| 
| #ifdef __STDC__
| # include <limits.h>
| #else
| # include <assert.h>
| #endif
| 
| #undef time_base_to_time
| 
| /* Override any GCC internal prototype to avoid an error.
|    Use char because int might match the return type of a GCC
|    builtin and then its argument prototype would still apply.  */
| #ifdef __cplusplus
| extern "C"
| #endif
| char time_base_to_time ();
| /* The GNU C library defines this for functions which it implements
|     to always fail with ENOSYS.  Some functions are actually named
|     something starting with __ and the normal name is an alias.  */
| #if defined __stub_time_base_to_time || defined __stub___time_base_to_time
| choke me
| #endif
| 
| int
| main ()
| {
| return time_base_to_time ();
|   ;
|   return 0;
| }
configure:4201: result: no
configure:4201: checking for clock_gettime
configure:4201: gcc -o conftest  -g   conftest.c  >&5
configure:4201: $? = 0
configure:4201: result: yes
configure:4201: checking for mach_absolute_time
configure:4201: gcc -o conftest  -g   conftest.c  >&5
/usr/bin/ld: /tmp/cchoC9K4.o: in function `main':
/home/matildejoliveira/Desktop/CPD/feup-cpd-2022/proj1/papi/src/conftest.c:63: undefined reference to `mach_absolute_time'
collect2: error: ld returned 1 exit status
configure:4201: $? = 1
configure: failed program was:
| /* confdefs.h */
| #define PACKAGE_NAME "PAPI"
| #define PACKAGE_TARNAME "papi"
| #define PACKAGE_VERSION "6.0.0.0"
| #define PACKAGE_STRING "PAPI 6.0.0.0"
| #define PACKAGE_BUGREPORT "ptools-perfapi@icl.utk.edu"
| #define PACKAGE_URL ""
| #define STDC_HEADERS 1
| #define HAVE_SYS_TYPES_H 1
| #define HAVE_SYS_STAT_H 1
| #define HAVE_STDLIB_H 1
| #define HAVE_STRING_H 1
| #define HAVE_MEMORY_H 1
| #define HAVE_STRINGS_H 1
| #define HAVE_INTTYPES_H 1
| #define HAVE_STDINT_H 1
| #define HAVE_UNISTD_H 1
| #define __EXTENSIONS__ 1
| #define _ALL_SOURCE 1
| #define _GNU_SOURCE 1
| #define _POSIX_PTHREAD_SEMANTICS 1
| #define _TANDEM_SOURCE 1
| #define STDC_HEADERS 1
| #define TIME_WITH_SYS_TIME 1
| #define HAVE_SYS_TIME_H 1
| #define HAVE_SCHED_H 1
| #define HAVE_CLOCK_GETTIME 1
| /* end confdefs.h.  */
| /* Define mach_absolute_time to an innocuous variant, in case <limits.h> declares mach_absolute_time.
|    For example, HP-UX 11i <limits.h> declares gettimeofday.  */
| #define mach_absolute_time innocuous_mach_absolute_time
| 
| /* System header to define __stub macros and hopefully few prototypes,
|     which can conflict with char mach_absolute_time (); below.
|     Prefer <limits.h> to <assert.h> if __STDC__ is defined, since
|     <limits.h> exists even on freestanding compilers.  */
| 
| #ifdef __STDC__
| # include <limits.h>
| #else
| # include <assert.h>
| #endif
| 
| #undef mach_absolute_time
| 
| /* Override any GCC internal prototype to avoid an error.
|    Use char because int might match the return type of a GCC
|    builtin and then its argument prototype would still apply.  */
| #ifdef __cplusplus
| extern "C"
| #endif
| char mach_absolute_time ();
| /* The GNU C library defines this for functions which it implements
|     to always fail with ENOSYS.  Some functions are actually named
|     something starting with __ and the normal name is an alias.  */
| #if defined __stub_mach_absolute_time || defined __stub___mach_absolute_time
| choke me
| #endif
| 
| int
| main ()
| {
| return mach_absolute_time ();
|   ;
|   return 0;
| }
configure:4201: result: no
configure:4201: checking for sched_getcpu
configure:4201: gcc -o conftest  -g   conftest.c  >&5
configure:4201: $? = 0
configure:4201: result: yes
configure:4216: checking for timer_create and timer_*ettime symbols in base system
configure:4230: gcc -o conftest  -g   conftest.c  >&5
/usr/bin/ld: /tmp/cch09fwx.o: in function `main':
/home/matildejoliveira/Desktop/CPD/feup-cpd-2022/proj1/papi/src/conftest.c:35: undefined reference to `timer_create'
collect2: error: ld returned 1 exit status
configure:4230: $? = 1
configure: failed program was:
| /* confdefs.h */
| #define PACKAGE_NAME "PAPI"
| #define PACKAGE_TARNAME "papi"
| #define PACKAGE_VERSION "6.0.0.0"
| #define PACKAGE_STRING "PAPI 6.0.0.0"
| #define PACKAGE_BUGREPORT "ptools-perfapi@icl.utk.edu"
| #define PACKAGE_URL ""
| #define STDC_HEADERS 1
| #define HAVE_SYS_TYPES_H 1
| #define HAVE_SYS_STAT_H 1
| #define HAVE_STDLIB_H 1
| #define HAVE_STRING_H 1
| #define HAVE_MEMORY_H 1
| #define HAVE_STRINGS_H 1
| #define HAVE_INTTYPES_H 1
| #define HAVE_STDINT_H 1
| #define HAVE_UNISTD_H 1
| #define __EXTENSIONS__ 1
| #define _ALL_SOURCE 1
| #define _GNU_SOURCE 1
| #define _POSIX_PTHREAD_SEMANTICS 1
| #define _TANDEM_SOURCE 1
| #define STDC_HEADERS 1
| #define TIME_WITH_SYS_TIME 1
| #define HAVE_SYS_TIME_H 1
| #define HAVE_SCHED_H 1
| #define HAVE_CLOCK_GETTIME 1
| #define HAVE_SCHED_GETCPU 1
| /* end confdefs.h.  */
| #include <signal.h>
|              #include <time.h>
| int
| main ()
| {
| timer_t timerid; timer_create(CLOCK_REALTIME, NULL, &timerid);
|   ;
|   return 0;
| }
configure:4242: result: not found
configure:4244: checking for timer_create and timer_*ettime symbols in -lrt
configure:4260: gcc -o conftest  -g   conftest.c  -lrt >&5
configure:4260: $? = 0
configure:4269: result: found
configure:4283: checking for dlopen and dlerror symbols in base system
configure:4296: gcc -o conftest  -g   conftest.c  >&5
/usr/bin/ld: /tmp/cc8LfDfl.o: in function `main':
/home/matildejoliveira/Desktop/CPD/feup-cpd-2022/proj1/papi/src/conftest.c:34: undefined reference to `dlopen'
/usr/bin/ld: /home/matildejoliveira/Desktop/CPD/feup-cpd-2022/proj1/papi/src/conftest.c:34: undefined reference to `dlerror'
collect2: error: ld returned 1 exit status
configure:4296: $? = 1
configure: failed program was:
| /* confdefs.h */
| #define PACKAGE_NAME "PAPI"
| #define PACKAGE_TARNAME "papi"
| #define PACKAGE_VERSION "6.0.0.0"
| #define PACKAGE_STRING "PAPI 6.0.0.0"
| #define PACKAGE_BUGREPORT "ptools-perfapi@icl.utk.edu"
| #define PACKAGE_URL ""
| #define STDC_HEADERS 1
| #define HAVE_SYS_TYPES_H 1
| #define HAVE_SYS_STAT_H 1
| #define HAVE_STDLIB_H 1
| #define HAVE_STRING_H 1
| #define HAVE_MEMORY_H 1
| #define HAVE_STRINGS_H 1
| #define HAVE_INTTYPES_H 1
| #define HAVE_STDINT_H 1
| #define HAVE_UNISTD_H 1
| #define __EXTENSIONS__ 1
| #define _ALL_SOURCE 1
| #define _GNU_SOURCE 1
| #define _POSIX_PTHREAD_SEMANTICS 1
| #define _TANDEM_SOURCE 1
| #define STDC_HEADERS 1
| #define TIME_WITH_SYS_TIME 1
| #define HAVE_SYS_TIME_H 1
| #define HAVE_SCHED_H 1
| #define HAVE_CLOCK_GETTIME 1
| #define HAVE_SCHED_GETCPU 1
| /* end confdefs.h.  */
| #include <dlfcn.h>
| int
| main ()
| {
| void *p = dlopen ("", 0); char *c = dlerror();
|   ;
|   return 0;
| }
configure:4308: result: not found
configure:4310: checking for dlopen and dlerror symbols in -ldl
configure:4325: gcc -o conftest  -g   conftest.c  -ldl >&5
configure:4325: $? = 0
configure:4334: result: found
configure:4453: checking for debug build
configure:4476: result: 
configure:4490: checking for -Wno-override-init
configure:4500: gcc -c  -g -Wextra -Wall -Wextra -Werror -Wno-override-init  conftest.c >&5
configure:4500: $? = 0
configure:4507: result: 1
configure:4511: checking for CPU type
configure:4671: result: x86
configure:4707: checking for ffsll
configure:4707: gcc -o conftest  -g -Wextra   conftest.c  >&5
conftest.c:54:6: warning: conflicting types for built-in function 'ffsll'; expected 'int(long long int)' [-Wbuiltin-declaration-mismatch]
   54 | char ffsll ();
      |      ^~~~~
configure:4707: $? = 0
configure:4707: result: yes
configure:4733: checking for working gettid
configure:4740: gcc -o conftest  -g -Wextra   conftest.c  >&5
conftest.c:33:17: warning: return type defaults to 'int' [-Wimplicit-int]
   33 |                 main() { pid_t a = gettid(); }
      |                 ^~~~
conftest.c: In function 'main':
conftest.c:33:36: warning: implicit declaration of function 'gettid' [-Wimplicit-function-declaration]
   33 |                 main() { pid_t a = gettid(); }
      |                                    ^~~~~~
configure:4740: $? = 0
configure:4741: result: yes
configure:4781: checking for working MMTIMER
configure:4811: gcc -o conftest  -g -Wextra   conftest.c  >&5
configure:4811: $? = 0
configure:4811: ./conftest
configure:4811: $? = 1
configure: program exited with status 1
configure: failed program was:
| /* confdefs.h */
| #define PACKAGE_NAME "PAPI"
| #define PACKAGE_TARNAME "papi"
| #define PACKAGE_VERSION "6.0.0.0"
| #define PACKAGE_STRING "PAPI 6.0.0.0"
| #define PACKAGE_BUGREPORT "ptools-perfapi@icl.utk.edu"
| #define PACKAGE_URL ""
| #define STDC_HEADERS 1
| #define HAVE_SYS_TYPES_H 1
| #define HAVE_SYS_STAT_H 1
| #define HAVE_STDLIB_H 1
| #define HAVE_STRING_H 1
| #define HAVE_MEMORY_H 1
| #define HAVE_STRINGS_H 1
| #define HAVE_INTTYPES_H 1
| #define HAVE_STDINT_H 1
| #define HAVE_UNISTD_H 1
| #define __EXTENSIONS__ 1
| #define _ALL_SOURCE 1
| #define _GNU_SOURCE 1
| #define _POSIX_PTHREAD_SEMANTICS 1
| #define _TANDEM_SOURCE 1
| #define STDC_HEADERS 1
| #define TIME_WITH_SYS_TIME 1
| #define HAVE_SYS_TIME_H 1
| #define HAVE_SCHED_H 1
| #define HAVE_CLOCK_GETTIME 1
| #define HAVE_SCHED_GETCPU 1
| #define CPU x86
| #define HAVE_FFSLL 1
| #define HAVE_GETTID 1
| /* end confdefs.h.  */
| #include <unistd.h>
|                          #include <fcntl.h>
|                          #include <errno.h>
|                          #include <stdlib.h>
|                          #include <sys/ioctl.h>
|                          #include <linux/mmtimer.h>
|                          #ifndef MMTIMER_FULLNAME
|                          #define MMTIMER_FULLNAME "/dev/mmtimer"
|                          #endif
|                          int main() {
|                            int offset;
|                            int fd;
|                            if((fd = open(MMTIMER_FULLNAME, O_RDONLY)) == -1)
|                              exit(1);
|                            if ((offset = ioctl(fd, MMTIMER_GETOFFSET, 0)) < 0)
|                              exit(1);
|                            close(fd);
|                            exit(0);
|                          }
configure:4816: result: no
configure:4818: checking for working CLOCK_REALTIME_HR POSIX 1b timer
configure:4846: gcc -o conftest  -g -Wextra   conftest.c  >&5
conftest.c:38:38: warning: return type defaults to 'int' [-Wimplicit-int]
   38 |                                      main() {
      |                                      ^~~~
conftest.c: In function 'main':
conftest.c:41:71: error: 'CLOCK_REALTIME_HR' undeclared (first use in this function); did you mean 'CLOCK_REALTIME'?
   41 |                                        if (syscall(__NR_clock_gettime,CLOCK_REALTIME_HR,&t1) == -1) exit(1);
      |                                                                       ^~~~~~~~~~~~~~~~~
      |                                                                       CLOCK_REALTIME
conftest.c:41:71: note: each undeclared identifier is reported only once for each function it appears in
configure:4846: $? = 1
configure: program exited with status 1
configure: failed program was:
| /* confdefs.h */
| #define PACKAGE_NAME "PAPI"
| #define PACKAGE_TARNAME "papi"
| #define PACKAGE_VERSION "6.0.0.0"
| #define PACKAGE_STRING "PAPI 6.0.0.0"
| #define PACKAGE_BUGREPORT "ptools-perfapi@icl.utk.edu"
| #define PACKAGE_URL ""
| #define STDC_HEADERS 1
| #define HAVE_SYS_TYPES_H 1
| #define HAVE_SYS_STAT_H 1
| #define HAVE_STDLIB_H 1
| #define HAVE_STRING_H 1
| #define HAVE_MEMORY_H 1
| #define HAVE_STRINGS_H 1
| #define HAVE_INTTYPES_H 1
| #define HAVE_STDINT_H 1
| #define HAVE_UNISTD_H 1
| #define __EXTENSIONS__ 1
| #define _ALL_SOURCE 1
| #define _GNU_SOURCE 1
| #define _POSIX_PTHREAD_SEMANTICS 1
| #define _TANDEM_SOURCE 1
| #define STDC_HEADERS 1
| #define TIME_WITH_SYS_TIME 1
| #define HAVE_SYS_TIME_H 1
| #define HAVE_SCHED_H 1
| #define HAVE_CLOCK_GETTIME 1
| #define HAVE_SCHED_GETCPU 1
| #define CPU x86
| #define HAVE_FFSLL 1
| #define HAVE_GETTID 1
| /* end confdefs.h.  */
| #include <unistd.h>
|                                      #include <stdlib.h>
|                                      #include <stdio.h>
|                                      #include <time.h>
|                                      #include <syscall.h>
|                                      main() {
|                                        struct timespec t1, t2;
|                                        double seconds;
|                                        if (syscall(__NR_clock_gettime,CLOCK_REALTIME_HR,&t1) == -1) exit(1);
|                                          sleep(1);
|                                        if (syscall(__NR_clock_gettime,CLOCK_REALTIME_HR,&t2) == -1) exit(1);
|                                          seconds = ((double)t2.tv_sec + (double)t2.tv_nsec/1000000000.0) - ((double)t1.tv_sec + (double)t1.tv_nsec/1000000000.0);
|                                        if (seconds > 1.0)
|                                          exit(0);
|                                        else
|                                          exit(1);
|                                      }
configure:4851: result: no
configure:4853: checking for working CLOCK_REALTIME POSIX 1b timer
configure:4881: gcc -o conftest  -g -Wextra   conftest.c  >&5
conftest.c:38:50: warning: return type defaults to 'int' [-Wimplicit-int]
   38 |                                                  main() {
      |                                                  ^~~~
configure:4881: $? = 0
configure:4881: ./conftest
configure:4881: $? = 0
configure:4883: result: yes
configure:4906: checking for which real time clock to use
configure:4938: result: clock_realtime
configure:4956: checking for working __thread
configure:4989: gcc -o conftest -pthread   conftest.c  >&5
conftest.c: In function 'thread_main':
conftest.c:40:34: warning: cast from pointer to integer of different size [-Wpointer-to-int-cast]
   40 |                              i = (int)arg;
      |                                  ^
conftest.c:42:34: warning: cast from pointer to integer of different size [-Wpointer-to-int-cast]
   42 |                              if ((int)arg == 1)
      |                                  ^
conftest.c:43:39: warning: cast from pointer to integer of different size [-Wpointer-to-int-cast]
   43 |                          res1 = (i == (int)arg);
      |                                       ^
conftest.c:45:39: warning: cast from pointer to integer of different size [-Wpointer-to-int-cast]
   45 |                          res2 = (i == (int)arg);
      |                                       ^
conftest.c: In function 'main':
conftest.c:51:57: warning: passing argument 3 of 'pthread_create' from incompatible pointer type [-Wincompatible-pointer-types]
   51 |                              pthread_create (&t1, NULL, thread_main, (void *)1);
      |                                                         ^~~~~~~~~~~
      |                                                         |
      |                                                         void (*)(void *)
In file included from conftest.c:35:
/usr/include/pthread.h:200:15: note: expected 'void * (*)(void *)' but argument is of type 'void (*)(void *)'
  200 |       void *(*__start_routine) (void *),
      |       ~~~~~~~~^~~~~~~~~~~~~~~~~~~~~~~~~
conftest.c:52:57: warning: passing argument 3 of 'pthread_create' from incompatible pointer type [-Wincompatible-pointer-types]
   52 |                              pthread_create (&t2, NULL, thread_main, (void *)2);
      |                                                         ^~~~~~~~~~~
      |                                                         |
      |                                                         void (*)(void *)
In file included from conftest.c:35:
/usr/include/pthread.h:200:15: note: expected 'void * (*)(void *)' but argument is of type 'void (*)(void *)'
  200 |       void *(*__start_routine) (void *),
      |       ~~~~~~~~^~~~~~~~~~~~~~~~~~~~~~~~~
configure:4989: $? = 0
configure:4989: ./conftest
configure:4989: $? = 0
configure:4990: result: yes
configure:5020: checking for high performance thread local storage
configure:5035: result: __thread
configure:5046: checking for working CLOCK_THREAD_CPUTIME_ID POSIX 1b timer
configure:5117: gcc -o conftest -pthread   conftest.c  >&5
conftest.c: In function 'doThreadTwo':
conftest.c:77:34: warning: returning 'long int' from a function with return type 'void *' makes pointer from integer without a cast [-Wint-conversion]
   77 |                           return j;
      |                                  ^
configure:5117: $? = 0
configure:5117: ./conftest
configure:5117: $? = 0
configure:5118: result: yes
configure:5212: checking for which virtual timer to use
configure:5235: result: clock_thread_cputime_id
configure:5334: checking for static user preset events
configure:5347: result: no
configure:5350: checking for static PAPI preset events
configure:5363: result: yes
configure:5366: checking for whether to build static library
configure:5376: result: yes
configure:5379: checking for whether to build shared library
configure:5389: result: yes
configure:5403: checking for static compile of tests and utilities
configure:5412: result: no
configure:5421: checking for linking with papi shared library of tests and utilities
configure:5431: result: no
configure:5473: checking for /sys/class/perfctr
configure:5486: result: no
configure:5491: checking for /dev/perfctr
configure:5504: result: no
configure:5700: checking for /sys/kernel/perfmon/version
configure:5713: result: no
configure:5718: checking for /proc/perfmon
configure:5731: result: no
configure:5868: checking for /proc/sys/kernel/perf_event_paranoid
configure:5881: result: yes
configure:5886: checking for libpfm4/include/perfmon/perf_event.h
configure:5900: result: yes
configure:6085: checking platform
configure:6226: result: linux-pe
configure:6635: checking for components to build
configure:6752: result: perf_event perf_event_uncore
configure:6755: checking for PAPI event CSV filename to use
configure:6760: result: papi_events.csv
configure:6856: Compiling genpapifdef with gcc
configure:6861: Generating fpapi.h
configure:6864: Generating f77papi.h
configure:6867: Generating f90papi.h
configure:6871: Rules.pfm4_pe will be included in the generated Makefile
configure:6983: creating ./config.status

## ---------------------- ##
## Running config.status. ##
## ---------------------- ##

This file was extended by PAPI config.status 6.0.0.0, which was
generated by GNU Autoconf 2.69.  Invocation command line was

  CONFIG_FILES    = 
  CONFIG_HEADERS  = 
  CONFIG_LINKS    = 
  CONFIG_COMMANDS = 
  $ ./config.status 

on matildejoliveira-ZenBook-UX425JA-UX425JA

config.status:903: creating Makefile
config.status:903: creating papi.pc
config.status:903: creating components/Makefile_comp_tests.target
config.status:903: creating testlib/Makefile.target
config.status:903: creating utils/Makefile.target
config.status:903: creating ctests/Makefile.target
config.status:903: creating ftests/Makefile.target
config.status:903: creating validation_tests/Makefile.target
config.status:903: creating config.h
config.status:1073: config.h is unchanged

## ---------------- ##
## Cache variables. ##
## ---------------- ##

ac_cv_c_compiler_gnu=yes
ac_cv_c_inline=inline
ac_cv_env_CC_set=
ac_cv_env_CC_value=
ac_cv_env_CFLAGS_set=
ac_cv_env_CFLAGS_value=
ac_cv_env_CPPFLAGS_set=
ac_cv_env_CPPFLAGS_value=
ac_cv_env_CPP_set=
ac_cv_env_CPP_value=
ac_cv_env_F77_set=
ac_cv_env_F77_value=
ac_cv_env_FFLAGS_set=
ac_cv_env_FFLAGS_value=
ac_cv_env_LDFLAGS_set=
ac_cv_env_LDFLAGS_value=
ac_cv_env_LIBS_set=
ac_cv_env_LIBS_value=
ac_cv_env_build_alias_set=
ac_cv_env_build_alias_value=
ac_cv_env_host_alias_set=
ac_cv_env_host_alias_value=
ac_cv_env_target_alias_set=
ac_cv_env_target_alias_value=
ac_cv_f77_compiler_gnu=no
ac_cv_file__dev_perfctr=no
ac_cv_file__proc_perfmon=no
ac_cv_file__proc_sys_kernel_perf_event_paranoid=yes
ac_cv_file__sys_class_perfctr=no
ac_cv_file__sys_kernel_perfmon_version=no
ac_cv_file_libpfm4_include_perfmon_perf_event_h=yes
ac_cv_func_clock_gettime=yes
ac_cv_func_ffsll=yes
ac_cv_func_gethrtime=no
ac_cv_func_mach_absolute_time=no
ac_cv_func_read_real_time=no
ac_cv_func_sched_getcpu=yes
ac_cv_func_time_base_to_time=no
ac_cv_header_c_asm_h=no
ac_cv_header_intrinsics_h=no
ac_cv_header_inttypes_h=yes
ac_cv_header_mach_mach_time_h=no
ac_cv_header_memory_h=yes
ac_cv_header_minix_config_h=no
ac_cv_header_sched_h=yes
ac_cv_header_stdc=yes
ac_cv_header_stdint_h=yes
ac_cv_header_stdlib_h=yes
ac_cv_header_string_h=yes
ac_cv_header_strings_h=yes
ac_cv_header_sys_stat_h=yes
ac_cv_header_sys_time_h=yes
ac_cv_header_sys_types_h=yes
ac_cv_header_time=yes
ac_cv_header_unistd_h=yes
ac_cv_objext=o
ac_cv_path_EGREP='/usr/bin/grep -E'
ac_cv_path_GREP=/usr/bin/grep
ac_cv_prog_AWK=mawk
ac_cv_prog_CPP='gcc -E'
ac_cv_prog_ac_ct_CC=gcc
ac_cv_prog_ac_ct_RANLIB=ranlib
ac_cv_prog_cc_c89=
ac_cv_prog_cc_g=yes
ac_cv_prog_f77_g=no
ac_cv_prog_make_make_set=yes
ac_cv_safe_to_define___extensions__=yes

## ----------------- ##
## Output variables. ##
## ----------------- ##

AR='ar'
ARCH_EVENTS=''
ARG64=''
AWK='mawk'
BGPM_INSTALL_DIR=''
BGP_SYSDIR=''
BITFLAGS=''
CC='gcc'
CC_COMMON_NAME='gcc'
CC_R='$(CC) -pthread'
CC_SHR='$(CC) -fPIC -DPIC -shared -Wl,-soname -Wl,$(VLIB) -Xlinker "-rpath" -Xlinker "$(LIBDIR)"'
CFLAGS=' -g -Wextra  -Wall'
COMPONENTS=' perf_event perf_event_uncore'
COMPONENT_RULES='components/Rules.components components/perf_event/Rules.perf_event components/perf_event_uncore/Rules.perf_event_uncore'
CPP='gcc -E'
CPPFLAGS=''
CPU='x86'
CPUCOMPONENT_C=''
CPUCOMPONENT_NAME='perf_event'
CPUCOMPONENT_OBJ=''
CPU_MODEL=''
CTEST_TARGETS='all'
DEFS='-DHAVE_CONFIG_H'
DESCR=''
ECHO_C=''
ECHO_N='-n'
ECHO_T=''
EGREP='/usr/bin/grep -E'
EXEEXT=''
F77=''
FFLAGS=' -g -Wextra  -Wall   -Dlinux -ffixed-line-length-132'
FILENAME='Rules.pfm4_pe'
FLAGS=''
FTEST_TARGETS='all'
GREP='/usr/bin/grep'
HAVE_NO_OVERRIDE_INIT='1'
LDFLAGS=''
LDL='-ldl'
LIBOBJS=''
LIBRARY='libpapi.a'
LIBS=''
LINKLIB='$(LIBRARY)'
LN_S='ln -s'
LRT='-lrt'
LTLIBOBJS=''
MAKEVER='linux-pe'
MIC='no'
MISCHDRS=''
MISCOBJS='$(MISCSRCS:.c=.o)'
MISCSRCS=' x86_cpuid_info.c'
MPICC=''
NOOPT=''
OBJEXT='o'
OMPCFLGS='-fopenmp'
OPTFLAGS='-O2'
OS='linux'
OSCONTEXT='linux-context.h'
OSFILESHDR='linux-memory.h linux-timer.h linux-common.h'
OSFILESOBJ='$(OSFILESSRC:.c=.o)'
OSFILESSRC='linux-memory.c linux-timer.c linux-common.c'
OSLOCK='linux-lock.h'
PACKAGE_BUGREPORT='ptools-perfapi@icl.utk.edu'
PACKAGE_NAME='PAPI'
PACKAGE_STRING='PAPI 6.0.0.0'
PACKAGE_TARNAME='papi'
PACKAGE_URL=''
PACKAGE_VERSION='6.0.0.0'
PAPICFLAGS='-DPAPI_NO_MEMORY_MANAGEMENT -DSTATIC_PAPI_EVENTS_TABLE  -DUSE_PERFEVENT_RDPMC=1 -DPEINCLUDE=\"libpfm4/include/perfmon/perf_event.h\" -D_REENTRANT -D_GNU_SOURCE -DUSE_COMPILER_TLS'
PAPISOVER='$(PAPIVER).$(PAPIREV)'
PAPI_EVENTS=''
PAPI_EVENTS_CSV='papi_events.csv'
PATH_SEPARATOR=':'
PMAPI=''
PMINIT=''
POST_BUILD=''
RANLIB='ranlib'
SETPATH=''
SET_MAKE=''
SHELL='/bin/bash'
SHLIB='libpapi.so.6.0.0.0'
SHLIBDEPS=''
SHOW_CONF='showconf'
SMPCFLGS=''
STATIC=''
TESTS=''
TOPTFLAGS='-O1'
VERSION=''
VLIB='libpapi.so.$(PAPISOVER)'
ac_ct_CC='gcc'
ac_ct_F77=''
altix=''
arch='x86_64'
bindir='${exec_prefix}/bin'
build_alias=''
cpu_option=''
datadir='${datarootdir}'
datarootdir='${prefix}/share'
docdir='${datarootdir}/doc/${PACKAGE_TARNAME}'
dvidir='${docdir}'
exec_prefix='${prefix}'
host_alias=''
htmldir='${docdir}'
includedir='${prefix}/include'
infodir='${datarootdir}/info'
libdir='${exec_prefix}/lib'
libexecdir='${exec_prefix}/libexec'
localedir='${datarootdir}/locale'
localstatedir='${prefix}/var'
mandir='${datarootdir}/man'
old_pfmv2='n'
oldincludedir='/usr/include'
papiLIBS='shared static'
pdfdir='${docdir}'
perfctr_incdir=''
perfctr_libdir=''
perfctr_prefix=''
perfctr_root=''
pfm_incdir='libpfm4/include'
pfm_libdir='libpfm4/lib'
pfm_prefix=''
pfm_root='libpfm4'
prefix='/usr/local'
program_transform_name='s,x,x,'
psdir='${docdir}'
runstatedir='${localstatedir}/run'
sbindir='${exec_prefix}/sbin'
sharedstatedir='${prefix}/com'
sysconfdir='${prefix}/etc'
target_alias=''
tests='ctests ftests comp_tests'

## ----------- ##
## confdefs.h. ##
## ----------- ##

/* confdefs.h */
#define PACKAGE_NAME "PAPI"
#define PACKAGE_TARNAME "papi"
#define PACKAGE_VERSION "6.0.0.0"
#define PACKAGE_STRING "PAPI 6.0.0.0"
#define PACKAGE_BUGREPORT "ptools-perfapi@icl.utk.edu"
#define PACKAGE_URL ""
#define STDC_HEADERS 1
#define HAVE_SYS_TYPES_H 1
#define HAVE_SYS_STAT_H 1
#define HAVE_STDLIB_H 1
#define HAVE_STRING_H 1
#define HAVE_MEMORY_H 1
#define HAVE_STRINGS_H 1
#define HAVE_INTTYPES_H 1
#define HAVE_STDINT_H 1
#define HAVE_UNISTD_H 1
#define __EXTENSIONS__ 1
#define _ALL_SOURCE 1
#define _GNU_SOURCE 1
#define _POSIX_PTHREAD_SEMANTICS 1
#define _TANDEM_SOURCE 1
#define STDC_HEADERS 1
#define TIME_WITH_SYS_TIME 1
#define HAVE_SYS_TIME_H 1
#define HAVE_SCHED_H 1
#define HAVE_CLOCK_GETTIME 1
#define HAVE_SCHED_GETCPU 1
#define CPU x86
#define HAVE_FFSLL 1
#define HAVE_GETTID 1
#define HAVE_CLOCK_GETTIME 1
#define HAVE_CLOCK_GETTIME_REALTIME 1
#define HAVE_THREAD_LOCAL_STORAGE __thread
#define HAVE_CLOCK_GETTIME_THREAD CLOCK_THREAD_CPUTIME_ID
#define HAVE_PERFMON_PFMLIB_MONTECITO_H 1
#define HAVE_PFM_GET_EVENT_DESCRIPTION 1
#define HAVE_PFMLIB_OUTPUT_PFP_PMD_COUNT 1

configure: exit 0
